  [1m[35m (17.3ms)[0m  [1m[35mCREATE TABLE "schema_migrations" ("version" character varying PRIMARY KEY)[0m
  [1m[35m (20.9ms)[0m  [1m[35mCREATE TABLE "ar_internal_metadata" ("key" character varying PRIMARY KEY, "value" character varying, "created_at" timestamp NOT NULL, "updated_at" timestamp NOT NULL)[0m
  [1m[35m (0.3ms)[0m  [1m[34mSELECT pg_try_advisory_lock(4544833533117557820);[0m
  [1m[36mActiveRecord::SchemaMigration Load (0.3ms)[0m  [1m[34mSELECT "schema_migrations".* FROM "schema_migrations"[0m
  [1m[36mActiveRecord::InternalMetadata Load (0.3ms)[0m  [1m[34mSELECT  "ar_internal_metadata".* FROM "ar_internal_metadata" WHERE "ar_internal_metadata"."key" = $1 LIMIT $2[0m  [["key", :environment], ["LIMIT", 1]]
  [1m[35m (0.1ms)[0m  [1m[35mBEGIN[0m
  [1m[35mSQL (0.3ms)[0m  [1m[32mINSERT INTO "ar_internal_metadata" ("key", "value", "created_at", "updated_at") VALUES ($1, $2, $3, $4) RETURNING "key"[0m  [["key", "environment"], ["value", "development"], ["created_at", 2017-03-07 20:35:35 UTC], ["updated_at", 2017-03-07 20:35:35 UTC]]
  [1m[35m (6.2ms)[0m  [1m[35mCOMMIT[0m
  [1m[35m (0.4ms)[0m  [1m[34mSELECT pg_advisory_unlock(4544833533117557820)[0m
  [1m[36mActiveRecord::SchemaMigration Load (0.2ms)[0m  [1m[34mSELECT "schema_migrations".* FROM "schema_migrations"[0m
Started GET "/" for ::1 at 2017-03-07 12:36:10 -0800
Processing by Rails::WelcomeController#index as HTML
  Parameters: {"internal"=>true}
  Rendering /usr/local/lib/ruby/gems/2.3.0/gems/railties-5.0.2/lib/rails/templates/rails/welcome/index.html.erb
  Rendered /usr/local/lib/ruby/gems/2.3.0/gems/railties-5.0.2/lib/rails/templates/rails/welcome/index.html.erb (3.8ms)
Completed 200 OK in 18ms (Views: 7.8ms | ActiveRecord: 0.0ms)


Started GET "/" for ::1 at 2017-03-07 12:42:13 -0800
Processing by Rails::WelcomeController#index as HTML
  Parameters: {"internal"=>true}
  Rendering /usr/local/lib/ruby/gems/2.3.0/gems/railties-5.0.2/lib/rails/templates/rails/welcome/index.html.erb
  Rendered /usr/local/lib/ruby/gems/2.3.0/gems/railties-5.0.2/lib/rails/templates/rails/welcome/index.html.erb (3.1ms)
Completed 200 OK in 7ms (Views: 4.9ms | ActiveRecord: 0.0ms)


Started GET "/" for ::1 at 2017-03-07 12:42:13 -0800
Processing by Rails::WelcomeController#index as HTML
  Parameters: {"internal"=>true}
  Rendering /usr/local/lib/ruby/gems/2.3.0/gems/railties-5.0.2/lib/rails/templates/rails/welcome/index.html.erb
  Rendered /usr/local/lib/ruby/gems/2.3.0/gems/railties-5.0.2/lib/rails/templates/rails/welcome/index.html.erb (3.5ms)
Completed 200 OK in 7ms (Views: 5.2ms | ActiveRecord: 0.0ms)


Started GET "/" for ::1 at 2017-03-07 12:46:26 -0800
  [1m[36mActiveRecord::SchemaMigration Load (0.3ms)[0m  [1m[34mSELECT "schema_migrations".* FROM "schema_migrations"[0m
  
ActiveRecord::PendingMigrationError (

Migrations are pending. To resolve this issue, run:

        bin/rails db:migrate RAILS_ENV=development

):
  
activerecord (5.0.2) lib/active_record/migration.rb:573:in `check_pending!'
activerecord (5.0.2) lib/active_record/migration.rb:549:in `call'
actionpack (5.0.2) lib/action_dispatch/middleware/callbacks.rb:38:in `block in call'
activesupport (5.0.2) lib/active_support/callbacks.rb:97:in `__run_callbacks__'
activesupport (5.0.2) lib/active_support/callbacks.rb:750:in `_run_call_callbacks'
activesupport (5.0.2) lib/active_support/callbacks.rb:90:in `run_callbacks'
actionpack (5.0.2) lib/action_dispatch/middleware/callbacks.rb:36:in `call'
actionpack (5.0.2) lib/action_dispatch/middleware/executor.rb:12:in `call'
actionpack (5.0.2) lib/action_dispatch/middleware/remote_ip.rb:79:in `call'
actionpack (5.0.2) lib/action_dispatch/middleware/debug_exceptions.rb:49:in `call'
web-console (3.4.0) lib/web_console/middleware.rb:135:in `call_app'
web-console (3.4.0) lib/web_console/middleware.rb:28:in `block in call'
web-console (3.4.0) lib/web_console/middleware.rb:18:in `catch'
web-console (3.4.0) lib/web_console/middleware.rb:18:in `call'
actionpack (5.0.2) lib/action_dispatch/middleware/show_exceptions.rb:31:in `call'
railties (5.0.2) lib/rails/rack/logger.rb:36:in `call_app'
railties (5.0.2) lib/rails/rack/logger.rb:24:in `block in call'
activesupport (5.0.2) lib/active_support/tagged_logging.rb:69:in `block in tagged'
activesupport (5.0.2) lib/active_support/tagged_logging.rb:26:in `tagged'
activesupport (5.0.2) lib/active_support/tagged_logging.rb:69:in `tagged'
railties (5.0.2) lib/rails/rack/logger.rb:24:in `call'
sprockets-rails (3.2.0) lib/sprockets/rails/quiet_assets.rb:13:in `call'
actionpack (5.0.2) lib/action_dispatch/middleware/request_id.rb:24:in `call'
rack (2.0.1) lib/rack/method_override.rb:22:in `call'
rack (2.0.1) lib/rack/runtime.rb:22:in `call'
activesupport (5.0.2) lib/active_support/cache/strategy/local_cache_middleware.rb:28:in `call'
actionpack (5.0.2) lib/action_dispatch/middleware/executor.rb:12:in `call'
actionpack (5.0.2) lib/action_dispatch/middleware/static.rb:136:in `call'
rack (2.0.1) lib/rack/sendfile.rb:111:in `call'
railties (5.0.2) lib/rails/engine.rb:522:in `call'
puma (3.7.1) lib/puma/configuration.rb:232:in `call'
puma (3.7.1) lib/puma/server.rb:578:in `handle_request'
puma (3.7.1) lib/puma/server.rb:415:in `process_client'
puma (3.7.1) lib/puma/server.rb:275:in `block in run'
puma (3.7.1) lib/puma/thread_pool.rb:120:in `block in spawn_thread'
  Rendering /usr/local/lib/ruby/gems/2.3.0/gems/actionpack-5.0.2/lib/action_dispatch/middleware/templates/rescues/diagnostics.html.erb within rescues/layout
  Rendering /usr/local/lib/ruby/gems/2.3.0/gems/actionpack-5.0.2/lib/action_dispatch/middleware/templates/rescues/_source.html.erb
  Rendered /usr/local/lib/ruby/gems/2.3.0/gems/actionpack-5.0.2/lib/action_dispatch/middleware/templates/rescues/_source.html.erb (2.0ms)
  Rendering /usr/local/lib/ruby/gems/2.3.0/gems/actionpack-5.0.2/lib/action_dispatch/middleware/templates/rescues/_trace.html.erb
  Rendered /usr/local/lib/ruby/gems/2.3.0/gems/actionpack-5.0.2/lib/action_dispatch/middleware/templates/rescues/_trace.html.erb (1.3ms)
  Rendering /usr/local/lib/ruby/gems/2.3.0/gems/actionpack-5.0.2/lib/action_dispatch/middleware/templates/rescues/_request_and_response.html.erb
  Rendered /usr/local/lib/ruby/gems/2.3.0/gems/actionpack-5.0.2/lib/action_dispatch/middleware/templates/rescues/_request_and_response.html.erb (0.7ms)
  Rendered /usr/local/lib/ruby/gems/2.3.0/gems/actionpack-5.0.2/lib/action_dispatch/middleware/templates/rescues/diagnostics.html.erb within rescues/layout (57.2ms)
  [1m[35m (0.1ms)[0m  [1m[34mSELECT pg_try_advisory_lock(4544833533117557820);[0m
  [1m[36mActiveRecord::SchemaMigration Load (0.3ms)[0m  [1m[34mSELECT "schema_migrations".* FROM "schema_migrations"[0m
Migrating to CreateJobs (20170307204454)
  [1m[35m (0.2ms)[0m  [1m[35mBEGIN[0m
  [1m[35m (23.5ms)[0m  [1m[35mCREATE TABLE "jobs" ("id" serial primary key, "title" character varying, "company" character varying, "date_applied" timestamp, "resume_sent" boolean, "cover_letter_sent" boolean, "cover_letter" text, "date_called_for_interview" timestamp, "rejected" boolean, "created_at" timestamp NOT NULL, "updated_at" timestamp NOT NULL)[0m
  [1m[35mSQL (0.4ms)[0m  [1m[32mINSERT INTO "schema_migrations" ("version") VALUES ($1) RETURNING "version"[0m  [["version", "20170307204454"]]
  [1m[35m (0.6ms)[0m  [1m[35mCOMMIT[0m
  [1m[36mActiveRecord::InternalMetadata Load (0.3ms)[0m  [1m[34mSELECT  "ar_internal_metadata".* FROM "ar_internal_metadata" WHERE "ar_internal_metadata"."key" = $1 LIMIT $2[0m  [["key", :environment], ["LIMIT", 1]]
  [1m[35m (0.3ms)[0m  [1m[35mBEGIN[0m
  [1m[35m (0.1ms)[0m  [1m[35mCOMMIT[0m
  [1m[35m (0.2ms)[0m  [1m[34mSELECT pg_advisory_unlock(4544833533117557820)[0m
  [1m[36mActiveRecord::SchemaMigration Load (0.1ms)[0m  [1m[34mSELECT "schema_migrations".* FROM "schema_migrations"[0m
Started GET "/" for ::1 at 2017-03-07 12:46:44 -0800
  [1m[36mActiveRecord::SchemaMigration Load (0.1ms)[0m  [1m[34mSELECT "schema_migrations".* FROM "schema_migrations"[0m
Processing by JobsController#index as HTML
  Rendering jobs/index.html.erb within layouts/application
  [1m[36mJob Load (0.5ms)[0m  [1m[34mSELECT "jobs".* FROM "jobs"[0m
  Rendered jobs/index.html.erb within layouts/application (4.0ms)
Completed 200 OK in 728ms (Views: 723.4ms | ActiveRecord: 1.7ms)


Started GET "/" for ::1 at 2017-03-07 12:47:29 -0800
Processing by JobsController#index as HTML
  Rendering jobs/index.html.erb within layouts/application
  [1m[36mJob Load (0.2ms)[0m  [1m[34mSELECT "jobs".* FROM "jobs"[0m
  Rendered jobs/index.html.erb within layouts/application (2.1ms)
Completed 200 OK in 23ms (Views: 20.7ms | ActiveRecord: 0.2ms)


Started GET "/" for ::1 at 2017-03-07 12:57:58 -0800
  [1m[36mActiveRecord::SchemaMigration Load (0.4ms)[0m  [1m[34mSELECT "schema_migrations".* FROM "schema_migrations"[0m
Processing by JobsController#index as HTML
  Rendering jobs/index.html.erb within layouts/application
  [1m[36mJob Load (0.5ms)[0m  [1m[34mSELECT "jobs".* FROM "jobs"[0m
  Rendered jobs/index.html.erb within layouts/application (16.1ms)
Started GET "/" for ::1 at 2017-03-07 12:57:59 -0800
Processing by JobsController#index as HTML
  Rendering jobs/index.html.erb within layouts/application
  [1m[36mJob Load (0.5ms)[0m  [1m[34mSELECT "jobs".* FROM "jobs"[0m
  Rendered jobs/index.html.erb within layouts/application (2.3ms)
Started GET "/" for ::1 at 2017-03-07 12:58:05 -0800
Processing by JobsController#index as HTML
  Rendering jobs/index.html.erb within layouts/application
  [1m[36mJob Load (0.5ms)[0m  [1m[34mSELECT "jobs".* FROM "jobs"[0m
  Rendered jobs/index.html.erb within layouts/application (2.9ms)
Completed   in 7973ms (ActiveRecord: 0.5ms)


Completed   in 13060ms (ActiveRecord: 0.5ms)


Started GET "/" for ::1 at 2017-03-07 13:01:58 -0800
  [1m[36mActiveRecord::SchemaMigration Load (0.4ms)[0m  [1m[34mSELECT "schema_migrations".* FROM "schema_migrations"[0m
Processing by JobsController#index as HTML
  Rendering jobs/index.html.erb within layouts/application
  [1m[36mJob Load (0.6ms)[0m  [1m[34mSELECT "jobs".* FROM "jobs"[0m
  Rendered jobs/index.html.erb within layouts/application (15.5ms)
Completed   in 15677ms (ActiveRecord: 1.6ms)


Started GET "/" for ::1 at 2017-03-07 13:03:28 -0800
  [1m[36mActiveRecord::SchemaMigration Load (0.3ms)[0m  [1m[34mSELECT "schema_migrations".* FROM "schema_migrations"[0m
Processing by JobsController#index as HTML
  Rendering jobs/index.html.erb within layouts/application
  [1m[36mJob Load (0.5ms)[0m  [1m[34mSELECT "jobs".* FROM "jobs"[0m
  Rendered jobs/index.html.erb within layouts/application (15.0ms)
Completed 200 OK in 739ms (Views: 733.7ms | ActiveRecord: 1.5ms)


Started GET "/" for ::1 at 2017-03-07 13:04:17 -0800
Processing by JobsController#index as HTML
  Rendering jobs/index.html.erb within layouts/application
  [1m[36mJob Load (0.3ms)[0m  [1m[34mSELECT "jobs".* FROM "jobs"[0m
  Rendered jobs/index.html.erb within layouts/application (2.2ms)
Completed 200 OK in 202ms (Views: 193.6ms | ActiveRecord: 0.3ms)


Started GET "/" for ::1 at 2017-03-07 13:05:02 -0800
Processing by JobsController#index as HTML
  Rendering jobs/index.html.erb within layouts/application
  [1m[36mJob Load (0.7ms)[0m  [1m[34mSELECT "jobs".* FROM "jobs"[0m
  Rendered jobs/index.html.erb within layouts/application (2.6ms)
Completed 200 OK in 179ms (Views: 177.2ms | ActiveRecord: 0.7ms)


Started GET "/" for ::1 at 2017-03-07 13:10:21 -0800
Processing by JobsController#index as HTML
  Rendering jobs/index.html.erb within layouts/application
  [1m[36mJob Load (0.3ms)[0m  [1m[34mSELECT "jobs".* FROM "jobs"[0m
  Rendered jobs/index.html.erb within layouts/application (2.5ms)
Completed 200 OK in 212ms (Views: 207.7ms | ActiveRecord: 0.3ms)


  [1m[35m (0.1ms)[0m  [1m[34mSELECT pg_try_advisory_lock(4544833533117557820);[0m
  [1m[36mActiveRecord::SchemaMigration Load (0.3ms)[0m  [1m[34mSELECT "schema_migrations".* FROM "schema_migrations"[0m
Migrating to CreatePositions (20170302234610)
  [1m[35m (0.1ms)[0m  [1m[35mBEGIN[0m
  [1m[35m (6.5ms)[0m  [1m[35mCREATE TABLE "positions" ("id" serial primary key, "position_name" character varying, "created_at" timestamp NOT NULL, "updated_at" timestamp NOT NULL)[0m
  [1m[35mSQL (0.3ms)[0m  [1m[32mINSERT INTO "schema_migrations" ("version") VALUES ($1) RETURNING "version"[0m  [["version", "20170302234610"]]
  [1m[35m (0.7ms)[0m  [1m[35mCOMMIT[0m
Migrating to AddCoverLetterToJobs (20170303035345)
  [1m[35m (0.2ms)[0m  [1m[35mBEGIN[0m
  [1m[35m (0.8ms)[0m  [1m[35mALTER TABLE "jobs" ADD "cover_letter" text[0m
  [1m[35m (0.1ms)[0m  [1m[31mROLLBACK[0m
  [1m[35m (0.2ms)[0m  [1m[34mSELECT pg_advisory_unlock(4544833533117557820)[0m
  [1m[35m (0.1ms)[0m  [1m[34mSELECT pg_try_advisory_lock(4544833533117557820);[0m
  [1m[36mActiveRecord::SchemaMigration Load (0.3ms)[0m  [1m[34mSELECT "schema_migrations".* FROM "schema_migrations"[0m
Migrating to CreateNotes (20170303060106)
  [1m[35m (0.1ms)[0m  [1m[35mBEGIN[0m
  [1m[35m (9.5ms)[0m  [1m[35mCREATE TABLE "notes" ("id" serial primary key, "content" text, "job_id" integer, "created_at" timestamp NOT NULL, "updated_at" timestamp NOT NULL, CONSTRAINT "fk_rails_ecf3bf0cc6"
FOREIGN KEY ("job_id")
  REFERENCES "jobs" ("id")
)[0m
  [1m[35m (1.2ms)[0m  [1m[35mCREATE  INDEX  "index_notes_on_job_id" ON "notes"  ("job_id")[0m
  [1m[35mSQL (0.4ms)[0m  [1m[32mINSERT INTO "schema_migrations" ("version") VALUES ($1) RETURNING "version"[0m  [["version", "20170303060106"]]
  [1m[35m (0.5ms)[0m  [1m[35mCOMMIT[0m
  [1m[36mActiveRecord::InternalMetadata Load (0.3ms)[0m  [1m[34mSELECT  "ar_internal_metadata".* FROM "ar_internal_metadata" WHERE "ar_internal_metadata"."key" = $1 LIMIT $2[0m  [["key", :environment], ["LIMIT", 1]]
  [1m[35m (0.1ms)[0m  [1m[35mBEGIN[0m
  [1m[35m (0.1ms)[0m  [1m[35mCOMMIT[0m
  [1m[35m (0.2ms)[0m  [1m[34mSELECT pg_advisory_unlock(4544833533117557820)[0m
  [1m[36mActiveRecord::SchemaMigration Load (0.2ms)[0m  [1m[34mSELECT "schema_migrations".* FROM "schema_migrations"[0m
Started GET "/" for ::1 at 2017-03-07 13:14:12 -0800
Processing by JobsController#index as HTML
  Rendering jobs/index.html.erb within layouts/application
  [1m[36mJob Load (0.4ms)[0m  [1m[34mSELECT "jobs".* FROM "jobs"[0m
  Rendered jobs/index.html.erb within layouts/application (2.6ms)
Completed 200 OK in 220ms (Views: 209.8ms | ActiveRecord: 0.4ms)


Started GET "/notes" for ::1 at 2017-03-07 13:14:21 -0800
Processing by NotesController#index as HTML
  Rendering notes/index.html.erb within layouts/application
  [1m[36mNote Load (0.6ms)[0m  [1m[34mSELECT "notes".* FROM "notes"[0m
  Rendered notes/index.html.erb within layouts/application (4.5ms)
Completed 200 OK in 191ms (Views: 183.7ms | ActiveRecord: 2.5ms)


